entry = 0x00000000

[symbols]
__g_s_0              0x00020018
__rt_print_int       0x000000b4
__rt_print_int_after_sign 0x000000d8
__rt_print_int_digit_loop 0x000000e4
__rt_print_int_done  0x00000138
__rt_print_int_negative 0x000000c4
__rt_print_int_output_loop 0x0000010c
__rt_print_int_zero  0x00000128
__rt_print_pstr      0x00000144
__rt_print_pstr_done 0x00000174
__rt_print_pstr_loop 0x0000015c
__str_0              0x00020000
__str_1              0x0002001c
_start               0x00000000

[.text @ 0x00000000]
00000000 - 37050200         - lui a0, 32
00000004 - 13050500         - addi a0, a0, 0
00000008 - b70f0200         - lui t6, 32
0000000c - 938f8f01         - addi t6, t6, 24
00000010 - 23a0af00         - sw a0, 0(t6)
00000014 - 37050200         - lui a0, 32
00000018 - 13058501         - addi a0, a0, 24
0000001c - 03250500         - lw a0, 0(a0)
00000020 - ef004012         - jal ra, 292
00000024 - 37050200         - lui a0, 32
00000028 - 1305c501         - addi a0, a0, 28
0000002c - ef008011         - jal ra, 280
00000030 - 37050200         - lui a0, 32
00000034 - 13058501         - addi a0, a0, 24
00000038 - 03250500         - lw a0, 0(a0)
0000003c - 03250500         - lw a0, 0(a0)
00000040 - ef004007         - jal ra, 116
00000044 - 37050200         - lui a0, 32
00000048 - 1305c501         - addi a0, a0, 28
0000004c - ef00800f         - jal ra, 248
00000050 - b7020200         - lui t0, 32
00000054 - 93828201         - addi t0, t0, 24
00000058 - 83a20200         - lw t0, 0(t0)
0000005c - 1301c1ff         - addi sp, sp, -4
00000060 - 23205100         - sw t0, 0(sp)
00000064 - 13030000         - addi t1, x0, 0
00000068 - 1301c1ff         - addi sp, sp, -4
0000006c - 23206100         - sw t1, 0(sp)
00000070 - 93039005         - addi t2, x0, 89
00000074 - 03230100         - lw t1, 0(sp)
00000078 - 13014100         - addi sp, sp, 4
0000007c - 83220100         - lw t0, 0(sp)
00000080 - 13014100         - addi sp, sp, 4
00000084 - 130e2000         - addi t3, x0, 2
00000088 - 3313c301         - sll t1, t1, t3
0000008c - 130e4000         - addi t3, x0, 4
00000090 - 3303c301         - add t1, t1, t3
00000094 - b3826200         - add t0, t0, t1
00000098 - 23a07200         - sw t2, 0(t0)
0000009c - 13850300         - addi a0, t2, 0
000000a0 - 37050200         - lui a0, 32
000000a4 - 13058501         - addi a0, a0, 24
000000a8 - 03250500         - lw a0, 0(a0)
000000ac - ef008009         - jal ra, 152
000000b0 - 7300f0ff         - halt
000000b4 - 1301c1ff         - addi sp, sp, -4
000000b8 - 2320a100         - sw a0, 0(sp)
000000bc - 63440500         - blt a0, x0, 8
000000c0 - 6f008001         - jal x0, 24
000000c4 - 370fff00         - lui t5, 4080
000000c8 - 130f8f00         - addi t5, t5, 8
000000cc - 930fd002         - addi t6, x0, 45
000000d0 - 2320ff01         - sw t6, 0(t5)
000000d4 - 3305a040         - sub a0, x0, a0
000000d8 - 63080504         - beq a0, x0, 80
000000dc - 13030000         - addi t1, x0, 0
000000e0 - 9303a000         - addi t2, x0, 10
000000e4 - 334e7502         - div t3, a0, t2
000000e8 - b36e7502         - rem t4, a0, t2
000000ec - 1301c1ff         - addi sp, sp, -4
000000f0 - 2320d101         - sw t4, 0(sp)
000000f4 - 13031300         - addi t1, t1, 1
000000f8 - 13050e00         - addi a0, t3, 0
000000fc - e31405fe         - bne a0, x0, -24
00000100 - 370fff00         - lui t5, 4080
00000104 - 130f8f00         - addi t5, t5, 8
00000108 - 930f0003         - addi t6, x0, 48
0000010c - 03250100         - lw a0, 0(sp)
00000110 - 13014100         - addi sp, sp, 4
00000114 - 3305f501         - add a0, a0, t6
00000118 - 2320af00         - sw a0, 0(t5)
0000011c - 1303f3ff         - addi t1, t1, -1
00000120 - e31603fe         - bne t1, x0, -20
00000124 - 6f004001         - jal x0, 20
00000128 - 370fff00         - lui t5, 4080
0000012c - 130f8f00         - addi t5, t5, 8
00000130 - 13050003         - addi a0, x0, 48
00000134 - 2320af00         - sw a0, 0(t5)
00000138 - 03250100         - lw a0, 0(sp)
0000013c - 13014100         - addi sp, sp, 4
00000140 - 67800000         - jalr x0, 0(ra)
00000144 - 1301c1ff         - addi sp, sp, -4
00000148 - 2320a100         - sw a0, 0(sp)
0000014c - 83220500         - lw t0, 0(a0)
00000150 - 13034500         - addi t1, a0, 4
00000154 - 370fff00         - lui t5, 4080
00000158 - 130f8f00         - addi t5, t5, 8
0000015c - 638c0200         - beq t0, x0, 24
00000160 - 832f0300         - lw t6, 0(t1)
00000164 - 2320ff01         - sw t6, 0(t5)
00000168 - 13034300         - addi t1, t1, 4
0000016c - 9382f2ff         - addi t0, t0, -1
00000170 - 6ff0dffe         - jal x0, -20
00000174 - 03250100         - lw a0, 0(sp)
00000178 - 13014100         - addi sp, sp, 4
0000017c - 67800000         - jalr x0, 0(ra)

[.rodata @ 0x00010000]

[.data @ 0x00020000]
00020000 - 0500000048000000650000006c0000006c0000006f000000 - .pstr "Hello"
00020018 - 00000000         - .word 0x00000000
0002001c - 010000000a000000 - .pstr "
"
