entry = 0x00000000

[symbols]
__rt_print_pstr      0x00000010
__rt_print_pstr_done 0x00000040
__rt_print_pstr_loop 0x00000028
__str_0              0x00020000
_start               0x00000000

[.text @ 0x00000000]
00000000 - 37050200         - lui a0, 32
00000004 - 13050500         - addi a0, a0, 0
00000008 - ef008000         - jal ra, 8
0000000c - 7300f0ff         - halt
00000010 - 1301c1ff         - addi sp, sp, -4
00000014 - 2320a100         - sw a0, 0(sp)
00000018 - 83220500         - lw t0, 0(a0)
0000001c - 13034500         - addi t1, a0, 4
00000020 - 370fff00         - lui t5, 4080
00000024 - 130f8f00         - addi t5, t5, 8
00000028 - 638c0200         - beq t0, x0, 24
0000002c - 832f0300         - lw t6, 0(t1)
00000030 - 2320ff01         - sw t6, 0(t5)
00000034 - 13034300         - addi t1, t1, 4
00000038 - 9382f2ff         - addi t0, t0, -1
0000003c - 6ff0dffe         - jal x0, -20
00000040 - 03250100         - lw a0, 0(sp)
00000044 - 13014100         - addi sp, sp, 4
00000048 - 67800000         - jalr x0, 0(ra)

[.rodata @ 0x00010000]

[.data @ 0x00020000]
00020000 - 0c00000048000000650000006c0000006c0000006f00000020000000770000006f000000720000006c0000006400000021000000 - .pstr "Hello world!"
